<?xml version="1.0" encoding="UTF-8"?>
<!-- Generated by org.testng.reporters.JUnitReportReporter -->
<testsuite hostname="DESKTOP-1LLQFPK" failures="0" tests="2" name="testing.Testngprogram3" time="17.899" errors="0" timestamp="2023-10-20T21:52:15 BST" skipped="0">
  <testcase classname="testing.Testngprogram3" name="checkLogoPresence" time="6.284"/>
  <system-out/>
  <testcase classname="testing.Testngprogram3" name="checkRequestDemoButton" time="11.615"/>
  <system-out/>
</testsuite> <!-- testing.Testngprogram3 -->
