<?xml version="1.0" encoding="UTF-8"?>
<!-- Generated by org.testng.reporters.JUnitXMLReporter -->
<testsuite ignored="0" hostname="DESKTOP-1LLQFPK" failures="0" tests="3" name="AutomationAnywhereTest" time="50.363" errors="0" timestamp="2023-10-20T21:52:14 BST">
  <testcase classname="testing.Testngprogram3" name="checkLogoPresence" time="6.284"/>
  <testcase classname="testing.Testngprogram3" name="checkRequestDemoButton" time="11.615"/>
  <testcase classname="testing.Testngprogram4" name="checkLinks" time="32.401"/>
</testsuite> <!-- AutomationAnywhereTest -->
